<?xml version="1.0" encoding="UTF-8"?>
<!-- Generated by org.testng.reporters.JUnitReportReporter -->
<testsuite hostname="User-Barath" failures="0" tests="2" name="testCases.BookShelf" time="0.000" errors="0" timestamp="2024-02-17T19:24:38 IST" skipped="2">
  <testcase classname="testCases.BookShelf" name="clickProduct" time="0.000">
    <skipped/>
  </testcase> <!-- clickProduct -->
  <system-out/>
  <testcase classname="testCases.BookShelf" name="DisplayProduct" time="0.000">
    <skipped/>
  </testcase> <!-- DisplayProduct -->
  <system-out/>
</testsuite> <!-- testCases.BookShelf -->
